<?xml version="1.0" encoding="UTF-8"?>
<testsuite xmlns:xsi="http://www.w3.org/2001/XMLSchema-instance" xsi:noNamespaceSchemaLocation="https://maven.apache.org/surefire/maven-surefire-plugin/xsd/surefire-test-report-3.0.xsd" version="3.0" name="com.example.ticonetgamesserver.TicoNetGamesServerApplicationTests" time="7.395" tests="1" errors="0" skipped="0" failures="0">
  <properties>
[...]
</properties>
  <testcase name="contextLoads" classname="com.example.ticonetgamesserver.TicoNetGamesServerApplicationTests" time="0.265">
    <system-out><![CDATA[13:36:40.277 [main] DEBUG org.springframework.test.context.BootstrapUtils - Instantiating CacheAwareContextLoaderDelegate from class [org.springframework.test.context.cache.DefaultCacheAwareContextLoaderDelegate]
13:36:40.302 [main] DEBUG org.springframework.test.context.BootstrapUtils - Instantiating BootstrapContext using constructor [public org.springframework.test.context.support.DefaultBootstrapContext(java.lang.Class,org.springframework.test.context.CacheAwareContextLoaderDelegate)]
13:36:40.336 [main] DEBUG org.springframework.test.context.BootstrapUtils - Instantiating TestContextBootstrapper for test class [com.example.ticonetgamesserver.TicoNetGamesServerApplicationTests] from class [org.springframework.boot.test.context.SpringBootTestContextBootstrapper]
13:36:40.383 [main] INFO org.springframework.boot.test.context.SpringBootTestContextBootstrapper - Neither @ContextConfiguration nor @ContextHierarchy found for test class [com.example.ticonetgamesserver.TicoNetGamesServerApplicationTests], using SpringBootContextLoader
13:36:40.392 [main] DEBUG org.springframework.test.context.support.AbstractContextLoader - Did not detect default resource location for test class [com.example.ticonetgamesserver.TicoNetGamesServerApplicationTests]: class path resource [com/example/ticonetgamesserver/TicoNetGamesServerApplicationTests-context.xml] does not exist
13:36:40.392 [main] DEBUG org.springframework.test.context.support.AbstractContextLoader - Did not detect default resource location for test class [com.example.ticonetgamesserver.TicoNetGamesServerApplicationTests]: class path resource [com/example/ticonetgamesserver/TicoNetGamesServerApplicationTestsContext.groovy] does not exist
13:36:40.392 [main] INFO org.springframework.test.context.support.AbstractContextLoader - Could not detect default resource locations for test class [com.example.ticonetgamesserver.TicoNetGamesServerApplicationTests]: no resource found for suffixes {-context.xml, Context.groovy}.
13:36:40.393 [main] INFO org.springframework.test.context.support.AnnotationConfigContextLoaderUtils - Could not detect default configuration classes for test class [com.example.ticonetgamesserver.TicoNetGamesServerApplicationTests]: TicoNetGamesServerApplicationTests does not declare any static, non-private, non-final, nested classes annotated with @Configuration.
13:36:40.484 [main] DEBUG org.springframework.test.context.support.ActiveProfilesUtils - Could not find an 'annotation declaring class' for annotation type [org.springframework.test.context.ActiveProfiles] and class [com.example.ticonetgamesserver.TicoNetGamesServerApplicationTests]
13:36:40.644 [main] DEBUG org.springframework.context.annotation.ClassPathScanningCandidateComponentProvider - Identified candidate component class: file [/home/claudio/Desktop/PROYECTOS PERSONALES FULLSTACK/TICO NET GAMES APP/TicoNetGamesServer/target/classes/com/example/ticonetgamesserver/TicoNetGamesServerApplication.class]
13:36:40.645 [main] INFO org.springframework.boot.test.context.SpringBootTestContextBootstrapper - Found @SpringBootConfiguration com.example.ticonetgamesserver.TicoNetGamesServerApplication for test class com.example.ticonetgamesserver.TicoNetGamesServerApplicationTests
13:36:40.810 [main] DEBUG org.springframework.boot.test.context.SpringBootTestContextBootstrapper - @TestExecutionListeners is not present for class [com.example.ticonetgamesserver.TicoNetGamesServerApplicationTests]: using defaults.
13:36:40.810 [main] INFO org.springframework.boot.test.context.SpringBootTestContextBootstrapper - Loaded default TestExecutionListener class names from location [META-INF/spring.factories]: [org.springframework.boot.test.mock.mockito.MockitoTestExecutionListener, org.springframework.boot.test.mock.mockito.ResetMocksTestExecutionListener, org.springframework.boot.test.autoconfigure.restdocs.RestDocsTestExecutionListener, org.springframework.boot.test.autoconfigure.web.client.MockRestServiceServerResetTestExecutionListener, org.springframework.boot.test.autoconfigure.web.servlet.MockMvcPrintOnlyOnFailureTestExecutionListener, org.springframework.boot.test.autoconfigure.web.servlet.WebDriverTestExecutionListener, org.springframework.boot.test.autoconfigure.webservices.client.MockWebServiceServerTestExecutionListener, org.springframework.test.context.web.ServletTestExecutionListener, org.springframework.test.context.support.DirtiesContextBeforeModesTestExecutionListener, org.springframework.test.context.event.ApplicationEventsTestExecutionListener, org.springframework.test.context.support.DependencyInjectionTestExecutionListener, org.springframework.test.context.support.DirtiesContextTestExecutionListener, org.springframework.test.context.transaction.TransactionalTestExecutionListener, org.springframework.test.context.jdbc.SqlScriptsTestExecutionListener, org.springframework.test.context.event.EventPublishingTestExecutionListener]
13:36:40.846 [main] INFO org.springframework.boot.test.context.SpringBootTestContextBootstrapper - Using TestExecutionListeners: [org.springframework.test.context.web.ServletTestExecutionListener@1fc32e4f, org.springframework.test.context.support.DirtiesContextBeforeModesTestExecutionListener@2f67b837, org.springframework.test.context.event.ApplicationEventsTestExecutionListener@1869fbd2, org.springframework.boot.test.mock.mockito.MockitoTestExecutionListener@6af9fcb2, org.springframework.boot.test.autoconfigure.SpringBootDependencyInjectionTestExecutionListener@6cce16f4, org.springframework.test.context.support.DirtiesContextTestExecutionListener@7efaad5a, org.springframework.test.context.transaction.TransactionalTestExecutionListener@291a7e3c, org.springframework.test.context.jdbc.SqlScriptsTestExecutionListener@ca30bc1, org.springframework.test.context.event.EventPublishingTestExecutionListener@1046d517, org.springframework.boot.test.mock.mockito.ResetMocksTestExecutionListener@3b7d3a38, org.springframework.boot.test.autoconfigure.restdocs.RestDocsTestExecutionListener@416c58f5, org.springframework.boot.test.autoconfigure.web.client.MockRestServiceServerResetTestExecutionListener@5505ae1a, org.springframework.boot.test.autoconfigure.web.servlet.MockMvcPrintOnlyOnFailureTestExecutionListener@73cd37c0, org.springframework.boot.test.autoconfigure.web.servlet.WebDriverTestExecutionListener@21337f7b, org.springframework.boot.test.autoconfigure.webservices.client.MockWebServiceServerTestExecutionListener@2bb3058]
13:36:40.850 [main] DEBUG org.springframework.test.context.support.AbstractDirtiesContextTestExecutionListener - Before test class: context [DefaultTestContext@3adcc812 testClass = TicoNetGamesServerApplicationTests, testInstance = [null], testMethod = [null], testException = [null], mergedContextConfiguration = [WebMergedContextConfiguration@35432107 testClass = TicoNetGamesServerApplicationTests, locations = '{}', classes = '{class com.example.ticonetgamesserver.TicoNetGamesServerApplication}', contextInitializerClasses = '[]', activeProfiles = '{}', propertySourceLocations = '{}', propertySourceProperties = '{org.springframework.boot.test.context.SpringBootTestContextBootstrapper=true}', contextCustomizers = set[org.springframework.boot.test.context.filter.ExcludeFilterContextCustomizer@47faa49c, org.springframework.boot.test.json.DuplicateJsonObjectContextCustomizerFactory$DuplicateJsonObjectContextCustomizer@6da21078, org.springframework.boot.test.mock.mockito.MockitoContextCustomizer@0, org.springframework.boot.test.web.client.TestRestTemplateContextCustomizer@18d87d80, org.springframework.boot.test.autoconfigure.actuate.metrics.MetricsExportContextCustomizerFactory$DisableMetricExportContextCustomizer@21e360a, org.springframework.boot.test.autoconfigure.properties.PropertyMappingContextCustomizer@0, org.springframework.boot.test.autoconfigure.web.servlet.WebDriverContextCustomizerFactory$Customizer@17497425, org.springframework.boot.test.context.SpringBootTestArgs@1, org.springframework.boot.test.context.SpringBootTestWebEnvironment@5ed828d], resourceBasePath = 'src/main/webapp', contextLoader = 'org.springframework.boot.test.context.SpringBootContextLoader', parent = [null]], attributes = map['org.springframework.test.context.web.ServletTestExecutionListener.activateListener' -> true]], class annotated with @DirtiesContext [false] with mode [null].

  .   ____          _            __ _ _
 /\\ / ___'_ __ _ _(_)_ __  __ _ \ \ \ \
( ( )\___ | '_ | '_| | '_ \/ _` | \ \ \ \
 \\/  ___)| |_)| | | | | || (_| |  ) ) ) )
  '  |____| .__|_| |_|_| |_\__, | / / / /
 =========|_|==============|___/=/_/_/_/
 :: Spring Boot ::                (v2.6.4)

2024-09-03 13:36:41.709  INFO 15762 --- [           main] c.e.t.TicoNetGamesServerApplicationTests : Starting TicoNetGamesServerApplicationTests using Java 20.0.1 on claudio-MS-7C51 with PID 15762 (started by claudio in /home/claudio/Desktop/PROYECTOS PERSONALES FULLSTACK/TICO NET GAMES APP/TicoNetGamesServer)
2024-09-03 13:36:41.709  INFO 15762 --- [           main] c.e.t.TicoNetGamesServerApplicationTests : No active profile set, falling back to 1 default profile: "default"
2024-09-03 13:36:42.778  INFO 15762 --- [           main] .s.d.r.c.RepositoryConfigurationDelegate : Bootstrapping Spring Data MongoDB repositories in DEFAULT mode.
2024-09-03 13:36:42.857  INFO 15762 --- [           main] .s.d.r.c.RepositoryConfigurationDelegate : Finished Spring Data repository scanning in 75 ms. Found 4 MongoDB repository interfaces.
2024-09-03 13:36:44.724  INFO 15762 --- [           main] org.mongodb.driver.cluster               : Cluster created with settings {hosts=[127.0.0.1:27017], srvHost=ticonetgamesdatabase.6rd1b.mongodb.net, mode=MULTIPLE, requiredClusterType=REPLICA_SET, serverSelectionTimeout='30000 ms', requiredReplicaSetName='atlas-uy1le8-shard-0'}
2024-09-03 13:36:44.755  INFO 15762 --- [d1b.mongodb.net] org.mongodb.driver.cluster               : Adding discovered server ticonetgamesdatabase-shard-00-00.6rd1b.mongodb.net:27017 to client view of cluster
2024-09-03 13:36:44.866  INFO 15762 --- [d1b.mongodb.net] org.mongodb.driver.cluster               : Adding discovered server ticonetgamesdatabase-shard-00-01.6rd1b.mongodb.net:27017 to client view of cluster
2024-09-03 13:36:44.868  INFO 15762 --- [d1b.mongodb.net] org.mongodb.driver.cluster               : Adding discovered server ticonetgamesdatabase-shard-00-02.6rd1b.mongodb.net:27017 to client view of cluster
2024-09-03 13:36:45.712  INFO 15762 --- [           main] .s.s.UserDetailsServiceAutoConfiguration : 

Using generated security password: 8a9a3212-ff92-4692-87c4-1ebeabbe7783

2024-09-03 13:36:45.976  INFO 15762 --- [           main] o.s.s.web.DefaultSecurityFilterChain     : Will not secure any request
2024-09-03 13:36:46.362  INFO 15762 --- [ngodb.net:27017] org.mongodb.driver.connection            : Opened connection [connectionId{localValue:1, serverValue:35924}] to ticonetgamesdatabase-shard-00-00.6rd1b.mongodb.net:27017
2024-09-03 13:36:46.362  INFO 15762 --- [ngodb.net:27017] org.mongodb.driver.connection            : Opened connection [connectionId{localValue:5, serverValue:35147}] to ticonetgamesdatabase-shard-00-01.6rd1b.mongodb.net:27017
2024-09-03 13:36:46.362  INFO 15762 --- [ngodb.net:27017] org.mongodb.driver.connection            : Opened connection [connectionId{localValue:3, serverValue:35143}] to ticonetgamesdatabase-shard-00-01.6rd1b.mongodb.net:27017
2024-09-03 13:36:46.362  INFO 15762 --- [ngodb.net:27017] org.mongodb.driver.connection            : Opened connection [connectionId{localValue:2, serverValue:35924}] to ticonetgamesdatabase-shard-00-00.6rd1b.mongodb.net:27017
2024-09-03 13:36:46.362  INFO 15762 --- [ngodb.net:27017] org.mongodb.driver.connection            : Opened connection [connectionId{localValue:4, serverValue:38725}] to ticonetgamesdatabase-shard-00-02.6rd1b.mongodb.net:27017
2024-09-03 13:36:46.362  INFO 15762 --- [ngodb.net:27017] org.mongodb.driver.connection            : Opened connection [connectionId{localValue:6, serverValue:38409}] to ticonetgamesdatabase-shard-00-02.6rd1b.mongodb.net:27017
2024-09-03 13:36:46.379  INFO 15762 --- [ngodb.net:27017] org.mongodb.driver.cluster               : Monitor thread successfully connected to server with description ServerDescription{address=ticonetgamesdatabase-shard-00-01.6rd1b.mongodb.net:27017, type=REPLICA_SET_SECONDARY, state=CONNECTED, ok=true, minWireVersion=0, maxWireVersion=21, maxDocumentSize=16777216, logicalSessionTimeoutMinutes=30, roundTripTimeNanos=612457227, setName='atlas-uy1le8-shard-0', canonicalAddress=ticonetgamesdatabase-shard-00-01.6rd1b.mongodb.net:27017, hosts=[ticonetgamesdatabase-shard-00-01.6rd1b.mongodb.net:27017, ticonetgamesdatabase-shard-00-00.6rd1b.mongodb.net:27017, ticonetgamesdatabase-shard-00-02.6rd1b.mongodb.net:27017], passives=[], arbiters=[], primary='ticonetgamesdatabase-shard-00-02.6rd1b.mongodb.net:27017', tagSet=TagSet{[Tag{name='availabilityZone', value='use1-az4'}, Tag{name='diskState', value='READY'}, Tag{name='nodeType', value='ELECTABLE'}, Tag{name='provider', value='AWS'}, Tag{name='region', value='US_EAST_1'}, Tag{name='workloadType', value='OPERATIONAL'}]}, electionId=null, setVersion=171, topologyVersion=TopologyVersion{processId=66d5dd3df88916ffb0e98fce, counter=3}, lastWriteDate=Tue Sep 03 13:36:46 CST 2024, lastUpdateTimeNanos=8408381233979}
2024-09-03 13:36:46.379  INFO 15762 --- [ngodb.net:27017] org.mongodb.driver.cluster               : Monitor thread successfully connected to server with description ServerDescription{address=ticonetgamesdatabase-shard-00-00.6rd1b.mongodb.net:27017, type=REPLICA_SET_SECONDARY, state=CONNECTED, ok=true, minWireVersion=0, maxWireVersion=21, maxDocumentSize=16777216, logicalSessionTimeoutMinutes=30, roundTripTimeNanos=612574563, setName='atlas-uy1le8-shard-0', canonicalAddress=ticonetgamesdatabase-shard-00-00.6rd1b.mongodb.net:27017, hosts=[ticonetgamesdatabase-shard-00-01.6rd1b.mongodb.net:27017, ticonetgamesdatabase-shard-00-00.6rd1b.mongodb.net:27017, ticonetgamesdatabase-shard-00-02.6rd1b.mongodb.net:27017], passives=[], arbiters=[], primary='ticonetgamesdatabase-shard-00-02.6rd1b.mongodb.net:27017', tagSet=TagSet{[Tag{name='availabilityZone', value='use1-az2'}, Tag{name='diskState', value='READY'}, Tag{name='nodeType', value='ELECTABLE'}, Tag{name='provider', value='AWS'}, Tag{name='region', value='US_EAST_1'}, Tag{name='workloadType', value='OPERATIONAL'}]}, electionId=null, setVersion=171, topologyVersion=TopologyVersion{processId=66d5dc25c681997fe0ec4f5e, counter=4}, lastWriteDate=Tue Sep 03 13:36:46 CST 2024, lastUpdateTimeNanos=8408381233979}
2024-09-03 13:36:46.379  INFO 15762 --- [ngodb.net:27017] org.mongodb.driver.cluster               : Monitor thread successfully connected to server with description ServerDescription{address=ticonetgamesdatabase-shard-00-02.6rd1b.mongodb.net:27017, type=REPLICA_SET_PRIMARY, state=CONNECTED, ok=true, minWireVersion=0, maxWireVersion=21, maxDocumentSize=16777216, logicalSessionTimeoutMinutes=30, roundTripTimeNanos=610737695, setName='atlas-uy1le8-shard-0', canonicalAddress=ticonetgamesdatabase-shard-00-02.6rd1b.mongodb.net:27017, hosts=[ticonetgamesdatabase-shard-00-01.6rd1b.mongodb.net:27017, ticonetgamesdatabase-shard-00-00.6rd1b.mongodb.net:27017, ticonetgamesdatabase-shard-00-02.6rd1b.mongodb.net:27017], passives=[], arbiters=[], primary='ticonetgamesdatabase-shard-00-02.6rd1b.mongodb.net:27017', tagSet=TagSet{[Tag{name='availabilityZone', value='use1-az6'}, Tag{name='diskState', value='READY'}, Tag{name='nodeType', value='ELECTABLE'}, Tag{name='provider', value='AWS'}, Tag{name='region', value='US_EAST_1'}, Tag{name='workloadType', value='OPERATIONAL'}]}, electionId=7fffffff0000000000000191, setVersion=171, topologyVersion=TopologyVersion{processId=66d5db3e066d80b3537bb6eb, counter=6}, lastWriteDate=Tue Sep 03 13:36:46 CST 2024, lastUpdateTimeNanos=8408381233979}
2024-09-03 13:36:46.383  INFO 15762 --- [ngodb.net:27017] org.mongodb.driver.cluster               : Setting max election id to 7fffffff0000000000000191 from replica set primary ticonetgamesdatabase-shard-00-02.6rd1b.mongodb.net:27017
2024-09-03 13:36:46.383  INFO 15762 --- [ngodb.net:27017] org.mongodb.driver.cluster               : Setting max set version to 171 from replica set primary ticonetgamesdatabase-shard-00-02.6rd1b.mongodb.net:27017
2024-09-03 13:36:46.383  INFO 15762 --- [ngodb.net:27017] org.mongodb.driver.cluster               : Discovered replica set primary ticonetgamesdatabase-shard-00-02.6rd1b.mongodb.net:27017
2024-09-03 13:36:46.571  INFO 15762 --- [           main] o.s.b.a.w.s.WelcomePageHandlerMapping    : Adding welcome page template: index
2024-09-03 13:36:46.898  INFO 15762 --- [           main] o.s.b.a.e.web.EndpointLinksResolver      : Exposing 1 endpoint(s) beneath base path '/actuator'
2024-09-03 13:36:46.936  INFO 15762 --- [           main] c.e.t.TicoNetGamesServerApplicationTests : Started TicoNetGamesServerApplicationTests in 6.036 seconds (JVM running for 7.44)
]]></system-out>
  </testcase>
</testsuite>